<?xml version="1.0" encoding="UTF-8"?>
<testng-results skipped="0" failed="0" total="1" passed="1">
  <reporter-output>
    <line>
      <![CDATA[登录功能测试完成！]]>
    </line>
  </reporter-output>
  <suite name="Default suite" duration-ms="8451" started-at="2016-12-09T07:50:37Z" finished-at="2016-12-09T07:50:45Z">
    <groups>
    </groups>
    <test name="Default test" duration-ms="8451" started-at="2016-12-09T07:50:37Z" finished-at="2016-12-09T07:50:45Z">
      <class name="cn.tongbanjie.testScripts.TestSsoLogin">
        <test-method status="PASS" signature="beforeMethod()[pri:0, instance:cn.tongbanjie.testScripts.TestSsoLogin@55f3ddb1]" name="beforeMethod" is-config="true" duration-ms="1755" started-at="2016-12-09T15:50:37Z" finished-at="2016-12-09T15:50:39Z">
          <reporter-output>
          </reporter-output>
        </test-method> <!-- beforeMethod -->
        <test-method status="PASS" signature="TestSsoLogin()[pri:0, instance:cn.tongbanjie.testScripts.TestSsoLogin@55f3ddb1]" name="TestSsoLogin" duration-ms="6110" started-at="2016-12-09T15:50:39Z" finished-at="2016-12-09T15:50:45Z">
          <reporter-output>
            <line>
              <![CDATA[登录功能测试完成！]]>
            </line>
          </reporter-output>
        </test-method> <!-- TestSsoLogin -->
        <test-method status="PASS" signature="afterMethod()[pri:0, instance:cn.tongbanjie.testScripts.TestSsoLogin@55f3ddb1]" name="afterMethod" is-config="true" duration-ms="564" started-at="2016-12-09T15:50:45Z" finished-at="2016-12-09T15:50:45Z">
          <reporter-output>
          </reporter-output>
        </test-method> <!-- afterMethod -->
      </class> <!-- cn.tongbanjie.testScripts.TestSsoLogin -->
    </test> <!-- Default test -->
  </suite> <!-- Default suite -->
</testng-results>
